dh_update_autotools_config
dh_auto_build
dh_prep
dh_installdirs
dh_auto_install
dh_install
dh_installdocs
dh_installchangelogs
dh_installman
override_dh_systemd_enable dh_systemd_enable
override_dh_systemd_enable dh_systemd_enable
dh_systemd_enable
override_dh_systemd_start dh_systemd_start
override_dh_systemd_start dh_systemd_start
dh_systemd_start
dh_lintian
dh_perl
override_dh_link dh_link
dh_link
dh_strip_nondeterminism
override_dh_compress dh_compress
dh_compress
override_dh_fixperms dh_fixperms
dh_fixperms
dh_missing
dh_strip
dh_makeshlibs
dh_shlibdeps
dh_installdeb
dh_gencontrol
dh_md5sums
dh_builddeb
